<?xml version="1.0" encoding="UTF-8"?>
<testng-results ignored="0" total="1" passed="1" failed="0" skipped="0">
  <reporter-output>
  </reporter-output>
  <suite started-at="2025-03-18T18:56:40 IST" name="Default suite" finished-at="2025-03-18T18:56:48 IST" duration-ms="7734">
    <groups>
    </groups>
    <test started-at="2025-03-18T18:56:40 IST" name="Default test" finished-at="2025-03-18T18:56:48 IST" duration-ms="7734">
      <class name="tutorialsninja.register.TC_RF_001">
        <test-method signature="registerWithMandatoryFields()[pri:0, instance:tutorialsninja.register.TC_RF_001@5bda8e08]" started-at="2025-03-18T18:56:40 IST" name="registerWithMandatoryFields" finished-at="2025-03-18T18:56:48 IST" duration-ms="7682" status="PASS">
          <reporter-output>
          </reporter-output>
        </test-method> <!-- registerWithMandatoryFields -->
      </class> <!-- tutorialsninja.register.TC_RF_001 -->
    </test> <!-- Default test -->
  </suite> <!-- Default suite -->
</testng-results>
