<?xml version="1.0" encoding="UTF-8"?>
<testng-results ignored="0" total="1" passed="1" failed="0" skipped="0">
  <reporter-output>
  </reporter-output>
  <suite started-at="2025-03-27T15:52:37 IST" name="Default suite" finished-at="2025-03-27T15:52:55 IST" duration-ms="18308">
    <groups>
    </groups>
    <test started-at="2025-03-27T15:52:37 IST" name="Default test" finished-at="2025-03-27T15:52:55 IST" duration-ms="18308">
      <class name="tutorialsninja.register.TC_RF_002_Trial">
        <test-method signature="verifyConfirmationEmail()[pri:0, instance:tutorialsninja.register.TC_RF_002_Trial@5d908d47]" started-at="2025-03-27T15:52:37 IST" name="verifyConfirmationEmail" finished-at="2025-03-27T15:52:55 IST" duration-ms="18230" status="PASS">
          <reporter-output>
          </reporter-output>
        </test-method> <!-- verifyConfirmationEmail -->
      </class> <!-- tutorialsninja.register.TC_RF_002_Trial -->
    </test> <!-- Default test -->
  </suite> <!-- Default suite -->
</testng-results>
